[INFO ] 13-11-2022 11:55:53.689 TC002_VerifyForgotYourPasswordLink - Chrome Browser is launched successfully
[INFO ] 13-11-2022 11:56:08.065 TC002_VerifyForgotYourPasswordLink - OrangeHRM application is opened
[INFO ] 13-11-2022 11:56:09.035 TC002_VerifyForgotYourPasswordLink - Forgot your Password? link is existing
[INFO ] 13-11-2022 11:56:09.772 TC002_VerifyForgotYourPasswordLink - Application closed successfully
[INFO ] 13-11-2022 11:56:11.341 TC001_UserLoginTest - Chrome Browser is launched successfully
[INFO ] 13-11-2022 11:56:13.992 TC001_UserLoginTest - OrangeHRM application is opened
[INFO ] 13-11-2022 11:56:16.873 TC001_UserLoginTest - User has logged in successfully
[INFO ] 13-11-2022 11:56:17.724 TC001_UserLoginTest - Application closed successfully
[INFO ] 13-11-2022 12:24:59.999 TC002_VerifyForgotYourPasswordLink - Chrome Browser is launched successfully
[INFO ] 13-11-2022 12:25:03.920 TC002_VerifyForgotYourPasswordLink - OrangeHRM application is opened
[INFO ] 13-11-2022 12:25:05.672 TC002_VerifyForgotYourPasswordLink - Screenshot captured successfully
[INFO ] 13-11-2022 12:25:05.674 TC002_VerifyForgotYourPasswordLink - Forgot your Password? link is existing
[INFO ] 13-11-2022 12:25:06.422 TC002_VerifyForgotYourPasswordLink - Application closed successfully
[INFO ] 13-11-2022 12:25:08.314 TC001_UserLoginTest - Chrome Browser is launched successfully
[INFO ] 13-11-2022 12:25:11.292 TC001_UserLoginTest - OrangeHRM application is opened
[INFO ] 13-11-2022 12:25:14.971 TC001_UserLoginTest - Screenshot captured successfully
[INFO ] 13-11-2022 12:25:15.050 TC001_UserLoginTest - User has logged in successfully
[INFO ] 13-11-2022 12:25:15.751 TC001_UserLoginTest - Application closed successfully
[INFO ] 13-11-2022 12:39:56.639 TC002_VerifyForgotYourPasswordLink - Chrome Browser is launched successfully
[INFO ] 13-11-2022 12:39:59.441 TC002_VerifyForgotYourPasswordLink - OrangeHRM application is opened
[INFO ] 13-11-2022 12:40:01.003 TC002_VerifyForgotYourPasswordLink - Screenshot captured successfully
[INFO ] 13-11-2022 12:40:01.004 TC002_VerifyForgotYourPasswordLink - Forgot your Password? link is existing
[INFO ] 13-11-2022 12:40:01.862 TC002_VerifyForgotYourPasswordLink - Application closed successfully
[INFO ] 13-11-2022 12:40:03.595 TC001_UserLoginTest - Chrome Browser is launched successfully
[INFO ] 13-11-2022 12:40:06.140 TC001_UserLoginTest - OrangeHRM application is opened
[INFO ] 13-11-2022 12:40:09.000 TC001_UserLoginTest - Screenshot captured successfully
[INFO ] 13-11-2022 12:40:09.320 TC001_UserLoginTest - User has logged in successfully
[INFO ] 13-11-2022 12:40:10.103 TC001_UserLoginTest - Application closed successfully
[INFO ] 13-11-2022 12:41:51.173 TC002_VerifyForgotYourPasswordLink - Chrome Browser is launched successfully
[INFO ] 13-11-2022 12:42:02.821 TC002_VerifyForgotYourPasswordLink - OrangeHRM application is opened
[INFO ] 13-11-2022 12:42:04.426 TC002_VerifyForgotYourPasswordLink - Screenshot captured successfully
[INFO ] 13-11-2022 12:42:04.427 TC002_VerifyForgotYourPasswordLink - Forgot your Password? link is existing
[INFO ] 13-11-2022 12:42:05.192 TC002_VerifyForgotYourPasswordLink - Application closed successfully
[INFO ] 13-11-2022 12:42:07.121 TC001_UserLoginTest - Chrome Browser is launched successfully
[INFO ] 13-11-2022 12:42:09.850 TC001_UserLoginTest - OrangeHRM application is opened
[INFO ] 13-11-2022 12:42:16.170 TC001_UserLoginTest - Screenshot captured successfully
[INFO ] 13-11-2022 12:42:16.945 TC001_UserLoginTest - User has logged in successfully
[INFO ] 13-11-2022 12:42:17.656 TC001_UserLoginTest - Application closed successfully
[INFO ] 13-11-2022 12:44:10.831 TC002_VerifyForgotYourPasswordLink - Chrome Browser is launched successfully
[INFO ] 13-11-2022 12:44:13.767 TC002_VerifyForgotYourPasswordLink - OrangeHRM application is opened
[INFO ] 13-11-2022 12:44:15.395 TC002_VerifyForgotYourPasswordLink - Screenshot captured successfully
[INFO ] 13-11-2022 12:44:15.395 TC002_VerifyForgotYourPasswordLink - Forgot your Password? link is existing
[INFO ] 13-11-2022 12:44:16.169 TC002_VerifyForgotYourPasswordLink - Application closed successfully
[INFO ] 13-11-2022 12:44:17.972 TC001_UserLoginTest - Chrome Browser is launched successfully
[INFO ] 13-11-2022 12:44:20.501 TC001_UserLoginTest - OrangeHRM application is opened
[INFO ] 13-11-2022 12:44:23.555 TC001_UserLoginTest - Screenshot captured successfully
[INFO ] 13-11-2022 12:44:23.653 TC001_UserLoginTest - User has logged in successfully
[INFO ] 13-11-2022 12:44:24.660 TC001_UserLoginTest - Application closed successfully
[INFO ] 13-11-2022 12:45:40.352 TC002_VerifyForgotYourPasswordLink - Chrome Browser is launched successfully
[INFO ] 13-11-2022 12:45:43.089 TC002_VerifyForgotYourPasswordLink - OrangeHRM application is opened
[INFO ] 13-11-2022 12:45:44.690 TC002_VerifyForgotYourPasswordLink - Screenshot captured successfully
[INFO ] 13-11-2022 12:45:44.690 TC002_VerifyForgotYourPasswordLink - Forgot your Password? link is existing
[INFO ] 13-11-2022 12:45:45.362 TC002_VerifyForgotYourPasswordLink - Application closed successfully
[INFO ] 13-11-2022 12:45:47.143 TC001_UserLoginTest - Chrome Browser is launched successfully
[INFO ] 13-11-2022 12:45:49.735 TC001_UserLoginTest - OrangeHRM application is opened
[INFO ] 13-11-2022 12:45:52.645 TC001_UserLoginTest - Screenshot captured successfully
[INFO ] 13-11-2022 12:45:52.929 TC001_UserLoginTest - User has logged in successfully
[INFO ] 13-11-2022 12:45:53.797 TC001_UserLoginTest - Application closed successfully
